0 info it worked if it ends with ok
1 verbose cli [ 'node', '/usr/local/bin/npm', 'run', 'dev' ]
2 info using npm@1.4.28
3 info using node@v0.10.36
4 verbose run-script [ 'predev', 'dev', 'postdev' ]
5 info predev Webpack-React-Sample@
6 info dev Webpack-React-Sample@
7 verbose unsafe-perm in lifecycle true
8 info Webpack-React-Sample@ Failed to exec dev script
9 error Webpack-React-Sample@ dev: `webpack-dev-server --devtool eval --progress --colors --hot --content-base build`
9 error Exit status 8
10 error Failed at the Webpack-React-Sample@ dev script.
10 error This is most likely a problem with the Webpack-React-Sample package,
10 error not with npm itself.
10 error Tell the author that this fails on your system:
10 error     webpack-dev-server --devtool eval --progress --colors --hot --content-base build
10 error You can get their info via:
10 error     npm owner ls Webpack-React-Sample
10 error There is likely additional logging output above.
11 error System Darwin 14.4.0
12 error command "node" "/usr/local/bin/npm" "run" "dev"
13 error cwd /Users/DMOON/Front-End Lab/Webpack-React-Example
14 error node -v v0.10.36
15 error npm -v 1.4.28
16 error code ELIFECYCLE
17 verbose exit [ 1, true ]
